<?xml version="1.0" encoding="UTF-8"?>
<!-- Generated by org.testng.reporters.JUnitReportReporter -->
<testsuite skipped="0" hostname="desktop-idris" name="org.inaracademy.SubmitOrderTest" tests="3" failures="0" timestamp="09 Jan 2023 10:01:10 GMT" time="21.610" errors="0">
  <testcase name="orderHistoryTest" time="4.704" classname="org.inaracademy.SubmitOrderTest"/>
  <testcase name="submitOrder" time="7.724" classname="org.inaracademy.SubmitOrderTest"/>
  <testcase name="submitOrder" time="9.182" classname="org.inaracademy.SubmitOrderTest"/>
</testsuite> <!-- org.inaracademy.SubmitOrderTest -->
