<?xml version="1.0" encoding="UTF-8"?>
<!-- Generated by org.testng.reporters.JUnitReportReporter -->
<testsuite skipped="0" hostname="desktop-idris" name="org.inaracademy.ErrorValidations" tests="2" failures="0" timestamp="09 Jan 2023 10:01:10 GMT" time="23.976" errors="0">
  <testcase name="loginErrorValidation" time="5.377" classname="org.inaracademy.ErrorValidations"/>
  <testcase name="productErrorValidation" time="18.599" classname="org.inaracademy.ErrorValidations"/>
</testsuite> <!-- org.inaracademy.ErrorValidations -->
