<?xml version="1.0" encoding="UTF-8"?>
<!-- Generated by org.testng.reporters.JUnitReportReporter -->
<testsuite skipped="0" hostname="desktop-idris" name="org.inaracademy.SubmitOrderTest" tests="3" failures="0" timestamp="10 Jan 2023 11:29:48 GMT" time="40.866" errors="0">
  <testcase name="orderHistoryTest" time="11.216" classname="org.inaracademy.SubmitOrderTest"/>
  <testcase name="submitOrder" time="12.606" classname="org.inaracademy.SubmitOrderTest"/>
  <testcase name="submitOrder" time="17.044" classname="org.inaracademy.SubmitOrderTest"/>
</testsuite> <!-- org.inaracademy.SubmitOrderTest -->
