<?xml version="1.0" encoding="UTF-8"?>
<!-- Generated by org.testng.reporters.JUnitReportReporter -->
<testsuite skipped="6" hostname="desktop-idris" name="org.inar.automationexercise.TestCase_01" tests="6" failures="0" timestamp="24 Jan 2023 18:34:50 GMT" time="0.000" errors="0">
  <testcase name="verifyThatAccountCreatedIsVisible" time="0.000" classname="org.inar.automationexercise.TestCase_01">
    <skipped/>
  </testcase> <!-- verifyThatAccountCreatedIsVisible -->
  <testcase name="verifyThatAccountDeletedIsVisible" time="0.000" classname="org.inar.automationexercise.TestCase_01">
    <skipped/>
  </testcase> <!-- verifyThatAccountDeletedIsVisible -->
  <testcase name="verifyHomePageIsVisible" time="0.000" classname="org.inar.automationexercise.TestCase_01">
    <skipped/>
  </testcase> <!-- verifyHomePageIsVisible -->
  <testcase name="verifyThatLoggedInAsUsernameIsVisible" time="0.000" classname="org.inar.automationexercise.TestCase_01">
    <skipped/>
  </testcase> <!-- verifyThatLoggedInAsUsernameIsVisible -->
  <testcase name="verifyNewUserSignupVisible" time="0.000" classname="org.inar.automationexercise.TestCase_01">
    <skipped/>
  </testcase> <!-- verifyNewUserSignupVisible -->
  <testcase name="verifyThatEnterAccountInformationIsVisible" time="0.000" classname="org.inar.automationexercise.TestCase_01">
    <skipped/>
  </testcase> <!-- verifyThatEnterAccountInformationIsVisible -->
</testsuite> <!-- org.inar.automationexercise.TestCase_01 -->
