<?xml version="1.0" encoding="UTF-8"?>
<!-- Generated by org.testng.reporters.JUnitReportReporter -->
<testsuite skipped="4" hostname="desktop-idris" name="org.inar.automationexercise.TestCase_02" tests="4" failures="0" timestamp="24 Jan 2023 18:34:50 GMT" time="0.000" errors="0">
  <testcase name="verifyHomePageIsVisible" time="0.000" classname="org.inar.automationexercise.TestCase_02">
    <skipped/>
  </testcase> <!-- verifyHomePageIsVisible -->
  <testcase name="goToLoginSingUpPage" time="0.000" classname="org.inar.automationexercise.TestCase_02">
    <skipped/>
  </testcase> <!-- goToLoginSingUpPage -->
  <testcase name="verifyThatAccountDeletedIsVisible" time="0.000" classname="org.inar.automationexercise.TestCase_02">
    <skipped/>
  </testcase> <!-- verifyThatAccountDeletedIsVisible -->
  <testcase name="verifyThatLoggedInAsUsernameIsVisible" time="0.000" classname="org.inar.automationexercise.TestCase_02">
    <skipped/>
  </testcase> <!-- verifyThatLoggedInAsUsernameIsVisible -->
</testsuite> <!-- org.inar.automationexercise.TestCase_02 -->
