<?xml version="1.0" encoding="UTF-8"?>
<!-- Generated by org.testng.reporters.JUnitReportReporter -->
<testsuite skipped="7" hostname="desktop-idris" name="org.inar.automationexercise.TestCase_16" tests="7" failures="0" timestamp="24 Jan 2023 18:34:50 GMT" time="0.000" errors="0">
  <testcase name="goToLoginSingUpPage" time="0.000" classname="org.inar.automationexercise.TestCase_16">
    <skipped/>
  </testcase> <!-- goToLoginSingUpPage -->
  <testcase name="verifyACCOUNTDELETEDAndClickContinueButton" time="0.000" classname="org.inar.automationexercise.TestCase_16">
    <skipped/>
  </testcase> <!-- verifyACCOUNTDELETEDAndClickContinueButton -->
  <testcase name="verifyThatCartPageIsDisplayed" time="0.000" classname="org.inar.automationexercise.TestCase_16">
    <skipped/>
  </testcase> <!-- verifyThatCartPageIsDisplayed -->
  <testcase name="verifyHomePageIsVisible" time="0.000" classname="org.inar.automationexercise.TestCase_16">
    <skipped/>
  </testcase> <!-- verifyHomePageIsVisible -->
  <testcase name="verifyThatLoggedInAsUsernameIsVisible" time="0.000" classname="org.inar.automationexercise.TestCase_16">
    <skipped/>
  </testcase> <!-- verifyThatLoggedInAsUsernameIsVisible -->
  <testcase name="verifySuccessMessageOurOrderHasBeenPlacedSuccessfully" time="0.000" classname="org.inar.automationexercise.TestCase_16">
    <skipped/>
  </testcase> <!-- verifySuccessMessageOurOrderHasBeenPlacedSuccessfully -->
  <testcase name="verifyAddressDetailsAndReviewYourOrder" time="0.000" classname="org.inar.automationexercise.TestCase_16">
    <skipped/>
  </testcase> <!-- verifyAddressDetailsAndReviewYourOrder -->
</testsuite> <!-- org.inar.automationexercise.TestCase_16 -->
