<?xml version="1.0" encoding="UTF-8"?>
<!-- Generated by org.testng.reporters.JUnitReportReporter -->
<testsuite skipped="7" hostname="desktop-idris" name="org.inar.automationexercise.TestCase_14" tests="7" failures="0" timestamp="24 Jan 2023 18:34:50 GMT" time="0.000" errors="0">
  <testcase name="verifySuccessMessageOurOrderHasBeenPlacedSuccessfully" time="0.000" classname="org.inar.automationexercise.TestCase_14">
    <skipped/>
  </testcase> <!-- verifySuccessMessageOurOrderHasBeenPlacedSuccessfully -->
  <testcase name="verifyAddressDetailsAndReviewYourOrder" time="0.000" classname="org.inar.automationexercise.TestCase_14">
    <skipped/>
  </testcase> <!-- verifyAddressDetailsAndReviewYourOrder -->
  <testcase name="verifyAccountCreatedAndClickContinueButton" time="0.000" classname="org.inar.automationexercise.TestCase_14">
    <skipped/>
  </testcase> <!-- verifyAccountCreatedAndClickContinueButton -->
  <testcase name="verifyThatCartPageIsDisplayed" time="0.000" classname="org.inar.automationexercise.TestCase_14">
    <skipped/>
  </testcase> <!-- verifyThatCartPageIsDisplayed -->
  <testcase name="verifyACCOUNTDELETEDAndClickContinueButton" time="0.000" classname="org.inar.automationexercise.TestCase_14">
    <skipped/>
  </testcase> <!-- verifyACCOUNTDELETEDAndClickContinueButton -->
  <testcase name="verifyHomePageIsVisible" time="0.000" classname="org.inar.automationexercise.TestCase_14">
    <skipped/>
  </testcase> <!-- verifyHomePageIsVisible -->
  <testcase name="verifyLoggedInAsUsernameAtTop" time="0.000" classname="org.inar.automationexercise.TestCase_14">
    <skipped/>
  </testcase> <!-- verifyLoggedInAsUsernameAtTop -->
</testsuite> <!-- org.inar.automationexercise.TestCase_14 -->
