<?xml version="1.0" encoding="UTF-8"?>
<!-- Generated by org.testng.reporters.JUnitReportReporter -->
<testsuite skipped="3" hostname="desktop-idris" name="org.inar.automationexercise.TestCase_26" tests="3" failures="0" timestamp="24 Jan 2023 18:34:50 GMT" time="0.000" errors="0">
  <testcase name="verifyHomePageIsVisible" time="0.000" classname="org.inar.automationexercise.TestCase_26">
    <skipped/>
  </testcase> <!-- verifyHomePageIsVisible -->
  <testcase name="verifyThatPageIsScrolledUpAndFullFledgedPracticeWebsiteForAutomationEngineersTextIsVisibleOnScreen" time="0.000" classname="org.inar.automationexercise.TestCase_26">
    <skipped/>
  </testcase> <!-- verifyThatPageIsScrolledUpAndFullFledgedPracticeWebsiteForAutomationEngineersTextIsVisibleOnScreen -->
  <testcase name="verifySUBSCRIPTIONIsVisible" time="0.000" classname="org.inar.automationexercise.TestCase_26">
    <skipped/>
  </testcase> <!-- verifySUBSCRIPTIONIsVisible -->
</testsuite> <!-- org.inar.automationexercise.TestCase_26 -->
