<?xml version="1.0" encoding="UTF-8"?>
<!-- Generated by org.testng.reporters.JUnitReportReporter -->
<testsuite skipped="6" hostname="desktop-idris" name="org.inar.automationexercise.TestCase_20" tests="6" failures="0" timestamp="24 Jan 2023 18:34:50 GMT" time="0.000" errors="0">
  <testcase name="verifyUserIsNavigatedToALLPRODUCTSPageSuccessfully" time="0.000" classname="org.inar.automationexercise.TestCase_20">
    <skipped/>
  </testcase> <!-- verifyUserIsNavigatedToALLPRODUCTSPageSuccessfully -->
  <testcase name="verifyHomePageIsVisible" time="0.000" classname="org.inar.automationexercise.TestCase_20">
    <skipped/>
  </testcase> <!-- verifyHomePageIsVisible -->
  <testcase name="clickCartButtonAndVerifyThatProductsAreVisibleInCart" time="0.000" classname="org.inar.automationexercise.TestCase_20">
    <skipped/>
  </testcase> <!-- clickCartButtonAndVerifyThatProductsAreVisibleInCart -->
  <testcase name="verifySEARCHEDPRODUCTSIsVisible" time="0.000" classname="org.inar.automationexercise.TestCase_20">
    <skipped/>
  </testcase> <!-- verifySEARCHEDPRODUCTSIsVisible -->
  <testcase name="verifyThatThoseProductsAreVisibleInCartAfterLoginAsWell" time="0.000" classname="org.inar.automationexercise.TestCase_20">
    <skipped/>
  </testcase> <!-- verifyThatThoseProductsAreVisibleInCartAfterLoginAsWell -->
  <testcase name="verifyAllTheProductsRelatedToSearchAreVisible" time="0.000" classname="org.inar.automationexercise.TestCase_20">
    <skipped/>
  </testcase> <!-- verifyAllTheProductsRelatedToSearchAreVisible -->
</testsuite> <!-- org.inar.automationexercise.TestCase_20 -->
