<?xml version="1.0" encoding="UTF-8"?>
<!-- Generated by org.testng.reporters.JUnitReportReporter -->
<testsuite skipped="4" hostname="desktop-idris" name="org.inar.automationexercise.TestCase_21" tests="4" failures="0" timestamp="24 Jan 2023 18:34:50 GMT" time="0.000" errors="0">
  <testcase name="verifyUserIsNavigatedToALLPRODUCTSPageSuccessfully" time="0.000" classname="org.inar.automationexercise.TestCase_21">
    <skipped/>
  </testcase> <!-- verifyUserIsNavigatedToALLPRODUCTSPageSuccessfully -->
  <testcase name="verifySuccessMessageThankYouForYourReview" time="0.000" classname="org.inar.automationexercise.TestCase_21">
    <skipped/>
  </testcase> <!-- verifySuccessMessageThankYouForYourReview -->
  <testcase name="verifyWriteYourReviewIsVisible" time="0.000" classname="org.inar.automationexercise.TestCase_21">
    <skipped/>
  </testcase> <!-- verifyWriteYourReviewIsVisible -->
  <testcase name="verifyHomePageIsVisible" time="0.000" classname="org.inar.automationexercise.TestCase_21">
    <skipped/>
  </testcase> <!-- verifyHomePageIsVisible -->
</testsuite> <!-- org.inar.automationexercise.TestCase_21 -->
