<?xml version="1.0" encoding="UTF-8"?>
<!-- Generated by org.testng.reporters.JUnitReportReporter -->
<testsuite skipped="4" hostname="desktop-idris" name="org.inar.automationexercise.TestCase_18" tests="4" failures="0" timestamp="24 Jan 2023 18:34:50 GMT" time="0.000" errors="0">
  <testcase name="verifyThatCategoriesAreVisibleOnLeftSideBar" time="0.000" classname="org.inar.automationexercise.TestCase_18">
    <skipped/>
  </testcase> <!-- verifyThatCategoriesAreVisibleOnLeftSideBar -->
  <testcase name="verifyHomePageIsVisible" time="0.000" classname="org.inar.automationexercise.TestCase_18">
    <skipped/>
  </testcase> <!-- verifyHomePageIsVisible -->
  <testcase name="verifyThatCategoryPageIsDisplayedAndConfirmTextWOMEN_DRESS_PRODUCTS" time="0.000" classname="org.inar.automationexercise.TestCase_18">
    <skipped/>
  </testcase> <!-- verifyThatCategoryPageIsDisplayedAndConfirmTextWOMEN_DRESS_PRODUCTS -->
  <testcase name="verifyThatUserIsNavigatedToThatCategoryPage" time="0.000" classname="org.inar.automationexercise.TestCase_18">
    <skipped/>
  </testcase> <!-- verifyThatUserIsNavigatedToThatCategoryPage -->
</testsuite> <!-- org.inar.automationexercise.TestCase_18 -->
