<?xml version="1.0" encoding="UTF-8"?>
<!-- Generated by org.testng.reporters.JUnitReportReporter -->
<testsuite skipped="3" hostname="desktop-idris" name="org.inar.automationexercise.TestCase_11" tests="3" failures="0" timestamp="24 Jan 2023 18:34:50 GMT" time="0.000" errors="0">
  <testcase name="verifySuccessMessageYouHaveBeenSuccessfullySubscribedIsVisible" time="0.000" classname="org.inar.automationexercise.TestCase_11">
    <skipped/>
  </testcase> <!-- verifySuccessMessageYouHaveBeenSuccessfullySubscribedIsVisible -->
  <testcase name="verifyHomePageIsVisible" time="0.000" classname="org.inar.automationexercise.TestCase_11">
    <skipped/>
  </testcase> <!-- verifyHomePageIsVisible -->
  <testcase name="verifyTextSubscription" time="0.000" classname="org.inar.automationexercise.TestCase_11">
    <skipped/>
  </testcase> <!-- verifyTextSubscription -->
</testsuite> <!-- org.inar.automationexercise.TestCase_11 -->
