<?xml version="1.0" encoding="UTF-8"?>
<!-- Generated by org.testng.reporters.JUnitReportReporter -->
<testsuite skipped="3" hostname="desktop-idris" name="org.inar.automationexercise.TestCase_17" tests="3" failures="0" timestamp="24 Jan 2023 18:34:50 GMT" time="0.000" errors="0">
  <testcase name="verifyThatProductIsRemovedFromTheCart" time="0.000" classname="org.inar.automationexercise.TestCase_17">
    <skipped/>
  </testcase> <!-- verifyThatProductIsRemovedFromTheCart -->
  <testcase name="verifyThatCartPageIsDisplayed" time="0.000" classname="org.inar.automationexercise.TestCase_17">
    <skipped/>
  </testcase> <!-- verifyThatCartPageIsDisplayed -->
  <testcase name="verifyHomePageIsVisible" time="0.000" classname="org.inar.automationexercise.TestCase_17">
    <skipped/>
  </testcase> <!-- verifyHomePageIsVisible -->
</testsuite> <!-- org.inar.automationexercise.TestCase_17 -->
