<?xml version="1.0" encoding="UTF-8"?>
<!-- Generated by org.testng.reporters.JUnitReportReporter -->
<testsuite skipped="3" hostname="desktop-idris" name="org.inar.automationexercise.TestCase_03" tests="3" failures="0" timestamp="24 Jan 2023 18:34:50 GMT" time="0.000" errors="0">
  <testcase name="verifyHomePageIsVisible" time="0.000" classname="org.inar.automationexercise.TestCase_03">
    <skipped/>
  </testcase> <!-- verifyHomePageIsVisible -->
  <testcase name="verifyErrorYourEmailOrPasswordIsIncorrectIsVisible" time="0.000" classname="org.inar.automationexercise.TestCase_03">
    <skipped/>
  </testcase> <!-- verifyErrorYourEmailOrPasswordIsIncorrectIsVisible -->
  <testcase name="verifyThatLoginToYourAccountIsVisible" time="0.000" classname="org.inar.automationexercise.TestCase_03">
    <skipped/>
  </testcase> <!-- verifyThatLoginToYourAccountIsVisible -->
</testsuite> <!-- org.inar.automationexercise.TestCase_03 -->
