<?xml version="1.0" encoding="UTF-8"?>
<!-- Generated by org.testng.reporters.JUnitReportReporter -->
<testsuite skipped="9" hostname="desktop-idris" name="org.inar.automationexercise.TestCase_23" tests="9" failures="0" timestamp="24 Jan 2023 18:34:50 GMT" time="0.000" errors="0">
  <testcase name="verifyThatAccountCreatedIsVisible" time="0.000" classname="org.inar.automationexercise.TestCase_23">
    <skipped/>
  </testcase> <!-- verifyThatAccountCreatedIsVisible -->
  <testcase name="verifyHomePageIsVisible" time="0.000" classname="org.inar.automationexercise.TestCase_23">
    <skipped/>
  </testcase> <!-- verifyHomePageIsVisible -->
  <testcase name="verifyAddressDetailsAndReviewYourOrder" time="0.000" classname="org.inar.automationexercise.TestCase_23">
    <skipped/>
  </testcase> <!-- verifyAddressDetailsAndReviewYourOrder -->
  <testcase name="verifyThatCartPageIsDisplayed" time="0.000" classname="org.inar.automationexercise.TestCase_23">
    <skipped/>
  </testcase> <!-- verifyThatCartPageIsDisplayed -->
  <testcase name="verifySuccessMessageOurOrderHasBeenPlacedSuccessfully" time="0.000" classname="org.inar.automationexercise.TestCase_23">
    <skipped/>
  </testcase> <!-- verifySuccessMessageOurOrderHasBeenPlacedSuccessfully -->
  <testcase name="verifyACCOUNTDELETEDAndClickContinueButton" time="0.000" classname="org.inar.automationexercise.TestCase_23">
    <skipped/>
  </testcase> <!-- verifyACCOUNTDELETEDAndClickContinueButton -->
  <testcase name="verifyThatEnterAccountInformationIsVisible" time="0.000" classname="org.inar.automationexercise.TestCase_23">
    <skipped/>
  </testcase> <!-- verifyThatEnterAccountInformationIsVisible -->
  <testcase name="verifyThatLoggedInAsUsernameIsVisible" time="0.000" classname="org.inar.automationexercise.TestCase_23">
    <skipped/>
  </testcase> <!-- verifyThatLoggedInAsUsernameIsVisible -->
  <testcase name="verifyNewUserSignupVisible" time="0.000" classname="org.inar.automationexercise.TestCase_23">
    <skipped/>
  </testcase> <!-- verifyNewUserSignupVisible -->
</testsuite> <!-- org.inar.automationexercise.TestCase_23 -->
