<?xml version="1.0" encoding="UTF-8"?>
<!-- Generated by org.testng.reporters.JUnitReportReporter -->
<testsuite skipped="4" hostname="desktop-idris" name="org.inar.automationexercise.TestCase_09" tests="4" failures="0" timestamp="24 Jan 2023 18:34:50 GMT" time="0.000" errors="0">
  <testcase name="verifyHomePageIsVisible" time="0.000" classname="org.inar.automationexercise.TestCase_09">
    <skipped/>
  </testcase> <!-- verifyHomePageIsVisible -->
  <testcase name="verifySearchedProductsIsVisible" time="0.000" classname="org.inar.automationexercise.TestCase_09">
    <skipped/>
  </testcase> <!-- verifySearchedProductsIsVisible -->
  <testcase name="verifyUserIsNavigatedToAllProductsPageSuccessfully" time="0.000" classname="org.inar.automationexercise.TestCase_09">
    <skipped/>
  </testcase> <!-- verifyUserIsNavigatedToAllProductsPageSuccessfully -->
  <testcase name="verifyAllTheProductsRelatedToSearchAreVisible" time="0.000" classname="org.inar.automationexercise.TestCase_09">
    <skipped/>
  </testcase> <!-- verifyAllTheProductsRelatedToSearchAreVisible -->
</testsuite> <!-- org.inar.automationexercise.TestCase_09 -->
